Operating system: Microsoft Windows NT 6.1.7601 Service Pack 1
Opening INI file "C:\Users\Toshiba\Desktop\Sonic 1 Knux\SonPLN.ini"...
Game type is S1.
Loading Title Screen Logo...
Loading plane mappings from file "mapeni/titlescr.bin", using compression Enigma...
Loading dummy tile data.
Loading 8x8 tiles from file "artnem/titlefor.bin", using compression Nemesis...
Mappings data size does not match given width/height. Expected: 1904 (34x28*2) Actual: 1496.
Loading palette file "pallet/title.bin"...
Source: 0 Destination: 0 Length: 16
Load completed.
Opening INI file "C:\Users\Toshiba\Desktop\Sonic Delirium\SonPLN.ini"...
Game type is S1.
Loading Title Screen Logo...
Loading dummy tile data.
Loading 8x8 tiles from file "artnem/titlefor.bin", using compression Nemesis...
Loading palette file "pallet/title.bin"...
Source: 0 Destination: 0 Length: 16
Loading plane mappings from file "mapeni/titlescr.bin", using compression Enigma...
Load completed.
Loading SEGA Logo...
Loading 8x8 tiles from file "artnem/segalogo.bin", using compression Nemesis...
Loading palette file "pallet/sega2.bin"...
Source: 16 Destination: 0 Length: 64
Loading plane mappings from file "mapeni/segalogo.bin", using compression Enigma...
Mappings data size does not match given width/height. Expected: 2240 (40x28*2) Actual: 2624.
System.AggregateException: Wystąpił przynajmniej jeden błąd. ---> System.IndexOutOfRangeException: Indeks wykraczał poza granice tablicy.
   w SonicRetro.SonLVL.SonPLN.MainForm.LoadLevelPalette() w E:\Programs\SonLVL\SonPLN\MainForm.cs:wiersz 421
   w System.Threading.Tasks.Task.InnerInvoke()
   w System.Threading.Tasks.Task.Execute()
   --- Koniec śladu stosu wyjątków wewnętrznych ---
   w System.Threading.Tasks.Task.FastWaitAll(Task[] tasks)
   w System.Threading.Tasks.Parallel.Invoke(ParallelOptions parallelOptions, Action[] actions)
   w System.Threading.Tasks.Parallel.Invoke(Action[] actions)
   w SonicRetro.SonLVL.SonPLN.MainForm.backgroundLevelLoader_DoWork(Object sender, DoWorkEventArgs e) w E:\Programs\SonLVL\SonPLN\MainForm.cs:wiersz 321
---> (Wyjątek wewnętrzny #0) System.IndexOutOfRangeException: Indeks wykraczał poza granice tablicy.
   w SonicRetro.SonLVL.SonPLN.MainForm.LoadLevelPalette() w E:\Programs\SonLVL\SonPLN\MainForm.cs:wiersz 421
   w System.Threading.Tasks.Task.InnerInvoke()
   w System.Threading.Tasks.Task.Execute()<---

System.NullReferenceException: Odwołanie do obiektu nie zostało ustawione na wystąpienie obiektu.
   w SonicRetro.SonLVL.API.BitmapBits.FromTile(Byte[] art, Int32 index) w E:\Programs\SonLVL\SonLVLAPI\BitmapBits.cs:wiersz 536
   w SonicRetro.SonLVL.SonPLN.MainForm.TileSelector_SelectedIndexChanged(Object sender, EventArgs e) w E:\Programs\SonLVL\SonPLN\MainForm.cs:wiersz 1561
   w System.EventHandler.Invoke(Object sender, EventArgs e)
   w SonicRetro.SonLVL.API.TileList.set_SelectedIndex(Int32 value) w E:\Programs\SonLVL\SonLVLAPI\TileList.cs:wiersz 24
   w SonicRetro.SonLVL.API.TileList.TileList_MouseDown(Object sender, MouseEventArgs e) w E:\Programs\SonLVL\SonLVLAPI\TileList.cs:wiersz 210
   w System.Windows.Forms.MouseEventHandler.Invoke(Object sender, MouseEventArgs e)
   w System.Windows.Forms.Control.OnMouseDown(MouseEventArgs e)
   w System.Windows.Forms.UserControl.OnMouseDown(MouseEventArgs e)
   w System.Windows.Forms.Control.WmMouseDown(Message& m, MouseButtons button, Int32 clicks)
   w System.Windows.Forms.Control.WndProc(Message& m)
   w System.Windows.Forms.ScrollableControl.WndProc(Message& m)
   w System.Windows.Forms.ContainerControl.WndProc(Message& m)
   w System.Windows.Forms.UserControl.WndProc(Message& m)
   w System.Windows.Forms.Control.ControlNativeWindow.OnMessage(Message& m)
   w System.Windows.Forms.Control.ControlNativeWindow.WndProc(Message& m)
   w System.Windows.Forms.NativeWindow.Callback(IntPtr hWnd, Int32 msg, IntPtr wparam, IntPtr lparam)
