Operating system: Microsoft Windows NT 6.2.9200.0
Opening INI file "C:\Users\bartl\Downloads\New folder (2)\Sonic Delirium\SonPLN.ini"...
Game type is S1.
Loading SEGA Logo...
Loading plane mappings from file "mapeni/segalogo.bin", using compression Enigma...
Loading palette file "pallet/sega2.bin"...
Source: 16 Destination: 0 Length: 64
Loading 8x8 tiles from file "artnem/segalogo.bin", using compression Nemesis...
Mappings data size does not match given width/height. Expected: 2240 (40x28*2) Actual: 2624.
System.AggregateException: One or more errors occurred. ---> System.IndexOutOfRangeException: Index was outside the bounds of the array.
   at SonicRetro.SonLVL.SonPLN.MainForm.LoadLevelPalette() in D:\Programs\SonLVL\SonPLN\MainForm.cs:line 423
   at System.Threading.Tasks.Task.InnerInvoke()
   at System.Threading.Tasks.Task.Execute()
   --- End of inner exception stack trace ---
   at System.Threading.Tasks.Task.FastWaitAll(Task[] tasks)
   at System.Threading.Tasks.Parallel.Invoke(ParallelOptions parallelOptions, Action[] actions)
   at System.Threading.Tasks.Parallel.Invoke(Action[] actions)
   at SonicRetro.SonLVL.SonPLN.MainForm.backgroundLevelLoader_DoWork(Object sender, DoWorkEventArgs e) in D:\Programs\SonLVL\SonPLN\MainForm.cs:line 323
---> (Inner Exception #0) System.IndexOutOfRangeException: Index was outside the bounds of the array.
   at SonicRetro.SonLVL.SonPLN.MainForm.LoadLevelPalette() in D:\Programs\SonLVL\SonPLN\MainForm.cs:line 423
   at System.Threading.Tasks.Task.InnerInvoke()
   at System.Threading.Tasks.Task.Execute()<---

Loading Special Stage Background 1...
Loading palette file "pallet/special.bin"...
Source: 32 Destination: 0 Length: 64
Loading plane mappings from file "mapeni/ssbg1.bin", using compression Enigma...
Loading 8x8 tiles from file "artnem/ssbg1.bin", using compression Nemesis...
Load completed.
Loading Title Screen Logo...
Loading palette file "pallet/title.bin"...
Source: 0 Destination: 0 Length: 16
Loading plane mappings from file "mapeni/titlescr.bin", using compression Enigma...
Loading dummy tile data.
Loading 8x8 tiles from file "artnem/titlefor.bin", using compression Nemesis...
Load completed.
Loading Japanese Credits...
Loading palette file "pallet/sonic.bin"...
Source: 1 Destination: 0 Length: 16
Loading plane mappings from file "mapeni/japcreds.bin", using compression Enigma...
Loading 8x8 tiles from file "artnem/japcreds.bin", using compression Nemesis...
Mappings data size does not match given width/height. Expected: 2400 (40x30*2) Actual: 2240.
Load completed.
Loading SEGA Logo...
Loading palette file "pallet/sega2.bin"...
Source: 16 Destination: 0 Length: 64
Loading 8x8 tiles from file "artnem/segalogo.bin", using compression Nemesis...
Loading plane mappings from file "mapeni/segalogo.bin", using compression Enigma...
Mappings data size does not match given width/height. Expected: 2240 (40x28*2) Actual: 2624.
System.AggregateException: One or more errors occurred. ---> System.IndexOutOfRangeException: Index was outside the bounds of the array.
   at SonicRetro.SonLVL.SonPLN.MainForm.LoadLevelPalette() in D:\Programs\SonLVL\SonPLN\MainForm.cs:line 423
   at System.Threading.Tasks.Task.InnerInvoke()
   at System.Threading.Tasks.Task.Execute()
   --- End of inner exception stack trace ---
   at System.Threading.Tasks.Task.FastWaitAll(Task[] tasks)
   at System.Threading.Tasks.Parallel.Invoke(ParallelOptions parallelOptions, Action[] actions)
   at System.Threading.Tasks.Parallel.Invoke(Action[] actions)
   at SonicRetro.SonLVL.SonPLN.MainForm.backgroundLevelLoader_DoWork(Object sender, DoWorkEventArgs e) in D:\Programs\SonLVL\SonPLN\MainForm.cs:line 323
---> (Inner Exception #0) System.IndexOutOfRangeException: Index was outside the bounds of the array.
   at SonicRetro.SonLVL.SonPLN.MainForm.LoadLevelPalette() in D:\Programs\SonLVL\SonPLN\MainForm.cs:line 423
   at System.Threading.Tasks.Task.InnerInvoke()
   at System.Threading.Tasks.Task.Execute()<---

Loading Title Screen Logo...
Loading palette file "pallet/title.bin"...
Source: 0 Destination: 0 Length: 16
Loading plane mappings from file "mapeni/titlescr.bin", using compression Enigma...
Loading dummy tile data.
Loading 8x8 tiles from file "artnem/titlefor.bin", using compression Nemesis...
Load completed.
Loading SEGA Logo...
Loading palette file "pallet/sega2.bin"...
Source: 16 Destination: 0 Length: 64
Loading 8x8 tiles from file "artnem/segalogo.bin", using compression Nemesis...
Loading plane mappings from file "mapeni/segalogo.bin", using compression Enigma...
Mappings data size does not match given width/height. Expected: 2240 (40x28*2) Actual: 2624.
System.AggregateException: One or more errors occurred. ---> System.IndexOutOfRangeException: Index was outside the bounds of the array.
   at SonicRetro.SonLVL.SonPLN.MainForm.LoadLevelPalette() in D:\Programs\SonLVL\SonPLN\MainForm.cs:line 423
   at System.Threading.Tasks.Task.InnerInvoke()
   at System.Threading.Tasks.Task.Execute()
   --- End of inner exception stack trace ---
   at System.Threading.Tasks.Task.FastWaitAll(Task[] tasks)
   at System.Threading.Tasks.Parallel.Invoke(ParallelOptions parallelOptions, Action[] actions)
   at System.Threading.Tasks.Parallel.Invoke(Action[] actions)
   at SonicRetro.SonLVL.SonPLN.MainForm.backgroundLevelLoader_DoWork(Object sender, DoWorkEventArgs e) in D:\Programs\SonLVL\SonPLN\MainForm.cs:line 323
---> (Inner Exception #0) System.IndexOutOfRangeException: Index was outside the bounds of the array.
   at SonicRetro.SonLVL.SonPLN.MainForm.LoadLevelPalette() in D:\Programs\SonLVL\SonPLN\MainForm.cs:line 423
   at System.Threading.Tasks.Task.InnerInvoke()
   at System.Threading.Tasks.Task.Execute()<---

Loading Title Screen Logo...
Loading palette file "pallet/title.bin"...
Source: 0 Destination: 0 Length: 16
Loading dummy tile data.
Loading plane mappings from file "mapeni/titlescr.bin", using compression Enigma...
Loading 8x8 tiles from file "artnem/titlefor.bin", using compression Nemesis...
Load completed.
Loading SEGA Logo...
Loading palette file "pallet/sega2.bin"...
Source: 16 Destination: 0 Length: 64
Loading 8x8 tiles from file "artnem/segalogo.bin", using compression Nemesis...
Loading plane mappings from file "mapeni/segalogo.bin", using compression Enigma...
Mappings data size does not match given width/height. Expected: 2240 (40x28*2) Actual: 2624.
System.AggregateException: One or more errors occurred. ---> System.IndexOutOfRangeException: Index was outside the bounds of the array.
   at SonicRetro.SonLVL.SonPLN.MainForm.LoadLevelPalette() in D:\Programs\SonLVL\SonPLN\MainForm.cs:line 423
   at System.Threading.Tasks.Task.InnerInvoke()
   at System.Threading.Tasks.Task.Execute()
   --- End of inner exception stack trace ---
   at System.Threading.Tasks.Task.FastWaitAll(Task[] tasks)
   at System.Threading.Tasks.Parallel.Invoke(ParallelOptions parallelOptions, Action[] actions)
   at System.Threading.Tasks.Parallel.Invoke(Action[] actions)
   at SonicRetro.SonLVL.SonPLN.MainForm.backgroundLevelLoader_DoWork(Object sender, DoWorkEventArgs e) in D:\Programs\SonLVL\SonPLN\MainForm.cs:line 323
---> (Inner Exception #0) System.IndexOutOfRangeException: Index was outside the bounds of the array.
   at SonicRetro.SonLVL.SonPLN.MainForm.LoadLevelPalette() in D:\Programs\SonLVL\SonPLN\MainForm.cs:line 423
   at System.Threading.Tasks.Task.InnerInvoke()
   at System.Threading.Tasks.Task.Execute()<---

