Operating system: Microsoft Windows NT 6.2.9200.0
Opening INI file "C:\Users\bartl\Desktop\Hacking Stuff\Sonic Delirium\SonLVL INI Files\SonLVL.ini"...
Game type is S1.
Opening INI file "C:\Users\bartl\Desktop\Hacking Stuff\Sonic Delirium\SonLVL INI Files\SonLVL.rev00.ini"...
Game type is S1.
Loading Green Hill Zone Act 1...
Loading 256x256 chunks from file "../map256/GHZ.bin", using compression Kosinski...
8x8 tile file "../artnem/8x8 - GHZ1.bin" not found.
Loading 16x16 blocks from file "../map16/GHZ.bin", using compression Enigma...
Loading palette file "../palette/Sonic.bin"...
Source: 0 Destination: 0 Length: 16
8x8 tile file "../artnem/8x8 - GHZ2.bin" not found.
Loading FG layout from file "../levels/ghz1.bin", using compression Uncompressed...
Loading BG layout from file "../levels/ghzbg.bin", using compression Uncompressed...
Loading FG layout from file "../levels/ghz2.bin", using compression Uncompressed...
Loading FG layout from file "../levels/ghz3.bin", using compression Uncompressed...
Loading FG layout from file "../levels/ending.bin", using compression Uncompressed...
System.AggregateException: Wystąpił przynajmniej jeden błąd. ---> System.IO.FileNotFoundException: Palette file could not be loaded! Have you set up your disassembly properly?
   w SonicRetro.SonLVL.API.LevelData.LoadLevelPalette() w E:\Programs\SonLVL\SonLVLAPI\LevelData.cs:wiersz 689
   w System.Threading.Tasks.Task.InnerInvoke()
   w System.Threading.Tasks.Task.Execute()
   --- Koniec śladu stosu wyjątków wewnętrznych ---
   w System.Threading.Tasks.Task.WaitAll(Task[] tasks, Int32 millisecondsTimeout, CancellationToken cancellationToken)
   w System.Threading.Tasks.Task.WaitAll(Task[] tasks, Int32 millisecondsTimeout)
   w System.Threading.Tasks.Parallel.Invoke(ParallelOptions parallelOptions, Action[] actions)
   w System.Threading.Tasks.Parallel.Invoke(Action[] actions)
   w SonicRetro.SonLVL.API.LevelData.LoadLevel(String levelname, Boolean loadGraphics) w E:\Programs\SonLVL\SonLVLAPI\LevelData.cs:wiersz 179
   w SonicRetro.SonLVL.GUI.MainForm.backgroundLevelLoader_DoWork(Object sender, DoWorkEventArgs e) w E:\Programs\SonLVL\SonLVL\MainForm.cs:wiersz 574
---> (Wyjątek wewnętrzny #0) System.IO.FileNotFoundException: Palette file could not be loaded! Have you set up your disassembly properly?
Nazwa pliku: '../palette/Sonic.bin'
   w SonicRetro.SonLVL.API.LevelData.LoadLevelPalette() w E:\Programs\SonLVL\SonLVLAPI\LevelData.cs:wiersz 689
   w System.Threading.Tasks.Task.InnerInvoke()
   w System.Threading.Tasks.Task.Execute()<---

Opening INI file "C:\Users\bartl\Desktop\Hacking Stuff\Sonic Delirium\SonLVL INI Files\SonLVL.ini"...
Game type is S1.
Loading Green Hill Zone Act 1...
Loading palette file "../palette/Sonic.bin"...
Source: 0 Destination: 0 Length: 16
8x8 tile file "../artnem/8x8 - GHZ1.bin" not found.
Loading FG layout from file "../levels/ghz1.bin", using compression Uncompressed...
Loading 256x256 chunks from file "../map256/GHZ.bin", using compression Kosinski...
8x8 tile file "../artnem/8x8 - GHZ2.bin" not found.
Loading 16x16 blocks from file "../map16/GHZ.bin", using compression Enigma...
Loading BG layout from file "../levels/ghzbg.bin", using compression Uncompressed...
Loading FG layout from file "../levels/ghz2.bin", using compression Uncompressed...
Loading FG layout from file "../levels/ghz3.bin", using compression Uncompressed...
Loading FG layout from file "../levels/ending.bin", using compression Uncompressed...
System.AggregateException: Wystąpił przynajmniej jeden błąd. ---> System.IO.FileNotFoundException: Palette file could not be loaded! Have you set up your disassembly properly?
   w SonicRetro.SonLVL.API.LevelData.LoadLevelPalette() w E:\Programs\SonLVL\SonLVLAPI\LevelData.cs:wiersz 689
   w System.Threading.Tasks.Task.InnerInvoke()
   w System.Threading.Tasks.Task.Execute()
   --- Koniec śladu stosu wyjątków wewnętrznych ---
   w System.Threading.Tasks.Task.WaitAll(Task[] tasks, Int32 millisecondsTimeout, CancellationToken cancellationToken)
   w System.Threading.Tasks.Task.WaitAll(Task[] tasks, Int32 millisecondsTimeout)
   w System.Threading.Tasks.Parallel.Invoke(ParallelOptions parallelOptions, Action[] actions)
   w System.Threading.Tasks.Parallel.Invoke(Action[] actions)
   w SonicRetro.SonLVL.API.LevelData.LoadLevel(String levelname, Boolean loadGraphics) w E:\Programs\SonLVL\SonLVLAPI\LevelData.cs:wiersz 179
   w SonicRetro.SonLVL.GUI.MainForm.backgroundLevelLoader_DoWork(Object sender, DoWorkEventArgs e) w E:\Programs\SonLVL\SonLVL\MainForm.cs:wiersz 574
---> (Wyjątek wewnętrzny #0) System.IO.FileNotFoundException: Palette file could not be loaded! Have you set up your disassembly properly?
Nazwa pliku: '../palette/Sonic.bin'
   w SonicRetro.SonLVL.API.LevelData.LoadLevelPalette() w E:\Programs\SonLVL\SonLVLAPI\LevelData.cs:wiersz 689
   w System.Threading.Tasks.Task.InnerInvoke()
   w System.Threading.Tasks.Task.Execute()<---

Loading Green Hill Zone Act 2...
Loading palette file "../palette/Sonic.bin"...
Source: 0 Destination: 0 Length: 16
8x8 tile file "../artnem/8x8 - GHZ1.bin" not found.
Loading FG layout from file "../levels/ghz2.bin", using compression Uncompressed...
Loading 16x16 blocks from file "../map16/GHZ.bin", using compression Enigma...
Loading 256x256 chunks from file "../map256/GHZ.bin", using compression Kosinski...
8x8 tile file "../artnem/8x8 - GHZ2.bin" not found.
Loading BG layout from file "../levels/ghzbg.bin", using compression Uncompressed...
Loading FG layout from file "../levels/ghz1.bin", using compression Uncompressed...
Loading FG layout from file "../levels/ghz3.bin", using compression Uncompressed...
Loading FG layout from file "../levels/ending.bin", using compression Uncompressed...
System.AggregateException: Wystąpił przynajmniej jeden błąd. ---> System.IO.FileNotFoundException: Palette file could not be loaded! Have you set up your disassembly properly?
   w SonicRetro.SonLVL.API.LevelData.LoadLevelPalette() w E:\Programs\SonLVL\SonLVLAPI\LevelData.cs:wiersz 689
   w System.Threading.Tasks.Task.InnerInvoke()
   w System.Threading.Tasks.Task.Execute()
   --- Koniec śladu stosu wyjątków wewnętrznych ---
   w System.Threading.Tasks.Task.WaitAll(Task[] tasks, Int32 millisecondsTimeout, CancellationToken cancellationToken)
   w System.Threading.Tasks.Task.WaitAll(Task[] tasks, Int32 millisecondsTimeout)
   w System.Threading.Tasks.Parallel.Invoke(ParallelOptions parallelOptions, Action[] actions)
   w System.Threading.Tasks.Parallel.Invoke(Action[] actions)
   w SonicRetro.SonLVL.API.LevelData.LoadLevel(String levelname, Boolean loadGraphics) w E:\Programs\SonLVL\SonLVLAPI\LevelData.cs:wiersz 179
   w SonicRetro.SonLVL.GUI.MainForm.backgroundLevelLoader_DoWork(Object sender, DoWorkEventArgs e) w E:\Programs\SonLVL\SonLVL\MainForm.cs:wiersz 574
---> (Wyjątek wewnętrzny #0) System.IO.FileNotFoundException: Palette file could not be loaded! Have you set up your disassembly properly?
Nazwa pliku: '../palette/Sonic.bin'
   w SonicRetro.SonLVL.API.LevelData.LoadLevelPalette() w E:\Programs\SonLVL\SonLVLAPI\LevelData.cs:wiersz 689
   w System.Threading.Tasks.Task.InnerInvoke()
   w System.Threading.Tasks.Task.Execute()<---

