Operating system: Microsoft Windows NT 6.2.9200.0
Opening INI file "C:\Users\bartl\Desktop\Hacking Stuff\Sonic Delirium\Sonic 1 2005 INIs\SonLVL.ini"...
Game type is S1.
Loading Green Hill Zone Act 1...
Loading palette file "../pallet/sonic.bin"...
Source: 0 Destination: 0 Length: 16
Loading 16x16 blocks from file "../map16/ghz.bin", using compression Enigma...
Loading palette file "../pallet/ghz.bin"...
Source: 0 Destination: 16 Length: 48
Loading 256x256 chunks from file "../map256/ghz.bin", using compression Kosinski...
Loading 8x8 tiles from file "../artnem/8x8ghz1.bin", using compression Nemesis...
Loading FG layout from file "../levels/ghz1.bin", using compression Uncompressed...
Loading BG layout from file "../levels/ghzbg.bin", using compression Uncompressed...
Loading FG layout from file "../levels/ghz2.bin", using compression Uncompressed...
Loading 8x8 tiles from file "../artnem/8x8ghz2.bin", using compression Nemesis...
Loading FG layout from file "../levels/ghz3.bin", using compression Uncompressed...
Loading FG layout from file "../levels/ending.bin", using compression Uncompressed...
Loading object definition file "obj.ini".
Loading object definition file "objGHZ.ini".
Loading ObjectDefinition type S1ObjectDefinitions.Common.Ring from "Common\Ring.cs"...
Loading type from cached assembly "dllcache\S1ObjectDefinitions.Common.Ring.dll"...
Loading ObjectDefinition type S1ObjectDefinitions.Common.InvisibleBlock from "Common\InvisibleBlock.cs"...
Loading type from cached assembly "dllcache\S1ObjectDefinitions.Common.InvisibleBlock.dll"...
Loading ObjectDefinition type S1ObjectDefinitions.GHZ.Bridge from "GHZ\Bridge.cs"...
Loading type from cached assembly "dllcache\S1ObjectDefinitions.GHZ.Bridge.dll"...
Loading ObjectDefinition type S1ObjectDefinitions.GHZ.SwingingPlatform from "GHZ\SwingingPlatform.cs"...
Loading type from cached assembly "dllcache\S1ObjectDefinitions.GHZ.SwingingPlatform.dll"...
Loading ObjectDefinition type S1ObjectDefinitions.GHZ.SpikedPole from "GHZ\SpikedPole.cs"...
Loading type from cached assembly "dllcache\S1ObjectDefinitions.GHZ.SpikedPole.dll"...
Loading objects from file "../objpos/ghz1.bin", using compression Uncompressed...
Loading start position "Level Start" from file "../misc/sloc_lev.bin"...
Loading start position "Credits Demo 1" from file "../misc/sloc_end.bin"...
Loading start position "Credits Demo 2" from file "../misc/sloc_end.bin"...
Drawing block bitmaps...
Drawing chunk bitmaps...
Level loaded in 0,2730465 second(s).
Load completed.
System.ArgumentException: Obiektu typu 'System.Byte[,]' nie można przekonwertować na typ 'System.UInt16[,]'.
   w System.RuntimeType.TryChangeType(Object value, Binder binder, CultureInfo culture, Boolean needsSpecialCast)
   w System.RuntimeType.CheckValue(Object value, Binder binder, CultureInfo culture, BindingFlags invokeAttr)
   w System.Reflection.RtFieldInfo.UnsafeSetValue(Object obj, Object value, BindingFlags invokeAttr, Binder binder, CultureInfo culture)
   w System.Runtime.Serialization.FormatterServices.SerializationSetValue(MemberInfo fi, Object target, Object value)
   w System.Runtime.Serialization.ObjectManager.CompleteObject(ObjectHolder holder, Boolean bObjectFullyComplete)
   w System.Runtime.Serialization.ObjectManager.DoNewlyRegisteredObjectFixups(ObjectHolder holder)
   w System.Runtime.Serialization.ObjectManager.RegisterObject(Object obj, Int64 objectID, SerializationInfo info, Int64 idOfContainingObj, MemberInfo member, Int32[] arrayIndex)
   w System.Runtime.Serialization.Formatters.Binary.ObjectReader.RegisterObject(Object obj, ParseRecord pr, ParseRecord objectPr, Boolean bIsString)
   w System.Runtime.Serialization.Formatters.Binary.ObjectReader.ParseObjectEnd(ParseRecord pr)
   w System.Runtime.Serialization.Formatters.Binary.ObjectReader.Parse(ParseRecord pr)
   w System.Runtime.Serialization.Formatters.Binary.__BinaryParser.Run()
   w System.Runtime.Serialization.Formatters.Binary.ObjectReader.Deserialize(HeaderHandler handler, __BinaryParser serParser, Boolean fCheck, Boolean isCrossAppDomain, IMethodCallMessage methodCallMessage)
   w System.Runtime.Serialization.Formatters.Binary.BinaryFormatter.Deserialize(Stream serializationStream, HeaderHandler handler, Boolean fCheck, Boolean isCrossAppDomain, IMethodCallMessage methodCallMessage)
   w SonicRetro.SonLVL.GUI.MainForm.backgroundLevelLoader_RunWorkerCompleted(Object sender, RunWorkerCompletedEventArgs e) w E:\Programs\SonLVL\SonLVL\MainForm.cs:wiersz 804
   w System.ComponentModel.BackgroundWorker.OnRunWorkerCompleted(RunWorkerCompletedEventArgs e)
   w System.ComponentModel.BackgroundWorker.AsyncOperationCompleted(Object arg)
